<?xml version="1.0" encoding="UTF-8"?>
<robot generator="Robot 6.1.1 (Python 3.11.4 on win32)" generated="20231115 20:18:23.583" rpa="false" schemaversion="4">
<suite id="s1" name="Cv" source="c:\Users\Omistaja\OneDrive\Työpöytä\HAMK\GitHubProjects\CV\CurriculumVitae\cv.robot">
<test id="s1-t1" name="Is it really a CV?" line="11">
<kw name="Open Browser" library="SeleniumLibrary">
<arg>https://tiibuturner.github.io/CurriculumVitae/curriculumvitae.html</arg>
<doc>Opens a new browser instance to the optional ``url``.</doc>
<msg timestamp="20231115 20:18:23.776" level="INFO">Opening browser 'firefox' to base url 'https://tiibuturner.github.io/CurriculumVitae/curriculumvitae.html'.</msg>
<status status="PASS" starttime="20231115 20:18:23.775" endtime="20231115 20:18:29.285"/>
</kw>
<kw name="Sleep" library="BuiltIn">
<arg>2</arg>
<doc>Pauses the test executed for the given time.</doc>
<msg timestamp="20231115 20:18:31.286" level="INFO">Slept 2 seconds</msg>
<status status="PASS" starttime="20231115 20:18:29.286" endtime="20231115 20:18:31.286"/>
</kw>
<kw name="Maximize Browser Window" library="SeleniumLibrary">
<doc>Maximizes current browser window.</doc>
<status status="PASS" starttime="20231115 20:18:31.286" endtime="20231115 20:18:31.545"/>
</kw>
<kw name="Sleep" library="BuiltIn">
<arg>2</arg>
<doc>Pauses the test executed for the given time.</doc>
<msg timestamp="20231115 20:18:33.546" level="INFO">Slept 2 seconds</msg>
<status status="PASS" starttime="20231115 20:18:31.545" endtime="20231115 20:18:33.546"/>
</kw>
<kw name="Page Should Contain" library="SeleniumLibrary">
<arg>${name}</arg>
<doc>Verifies that current page contains ``text``.</doc>
<msg timestamp="20231115 20:18:33.560" level="INFO">Current page contains text 'TIINA YLIMÄKI'.</msg>
<status status="PASS" starttime="20231115 20:18:33.547" endtime="20231115 20:18:33.560"/>
</kw>
<kw name="Sleep" library="BuiltIn">
<arg>2</arg>
<doc>Pauses the test executed for the given time.</doc>
<msg timestamp="20231115 20:18:35.561" level="INFO">Slept 2 seconds</msg>
<status status="PASS" starttime="20231115 20:18:33.561" endtime="20231115 20:18:35.561"/>
</kw>
<kw name="Execute Javascript" library="SeleniumLibrary">
<arg>window.scrollTo(500,900)</arg>
<doc>Executes the given JavaScript code with possible arguments.</doc>
<msg timestamp="20231115 20:18:35.564" level="INFO">Executing JavaScript:
window.scrollTo(500,900)
Without any arguments.</msg>
<status status="PASS" starttime="20231115 20:18:35.561" endtime="20231115 20:18:35.569"/>
</kw>
<kw name="Page Should Contain Link" library="SeleniumLibrary">
<arg>xpath:/html/body/div[2]/div/div[1]/div/li[4]/a</arg>
<doc>Verifies link identified by ``locator`` is found from current page.</doc>
<msg timestamp="20231115 20:18:35.576" level="INFO">Current page contains link 'xpath:/html/body/div[2]/div/div[1]/div/li[4]/a'.</msg>
<status status="PASS" starttime="20231115 20:18:35.570" endtime="20231115 20:18:35.576"/>
</kw>
<kw name="Sleep" library="BuiltIn">
<arg>1</arg>
<doc>Pauses the test executed for the given time.</doc>
<msg timestamp="20231115 20:18:36.578" level="INFO">Slept 1 second</msg>
<status status="PASS" starttime="20231115 20:18:35.577" endtime="20231115 20:18:36.578"/>
</kw>
<kw name="Click Link" library="SeleniumLibrary">
<arg>xpath:/html/body/div[2]/div/div[1]/div/li[4]/a</arg>
<doc>Clicks a link identified by ``locator``.</doc>
<msg timestamp="20231115 20:18:36.579" level="INFO">Clicking link 'xpath:/html/body/div[2]/div/div[1]/div/li[4]/a'.</msg>
<status status="PASS" starttime="20231115 20:18:36.579" endtime="20231115 20:18:36.609"/>
</kw>
<kw name="Page Should Contain" library="SeleniumLibrary">
<arg>${name}</arg>
<doc>Verifies that current page contains ``text``.</doc>
<msg timestamp="20231115 20:18:36.723" level="INFO">Current page contains text 'TIINA YLIMÄKI'.</msg>
<status status="PASS" starttime="20231115 20:18:36.609" endtime="20231115 20:18:36.723"/>
</kw>
<kw name="Close Window" library="SeleniumLibrary">
<doc>Closes currently opened and selected browser window/tab.</doc>
<status status="PASS" starttime="20231115 20:18:36.723" endtime="20231115 20:18:36.753"/>
</kw>
<kw name="Sleep" library="BuiltIn">
<arg>2</arg>
<doc>Pauses the test executed for the given time.</doc>
<msg timestamp="20231115 20:18:38.754" level="INFO">Slept 2 seconds</msg>
<status status="PASS" starttime="20231115 20:18:36.754" endtime="20231115 20:18:38.754"/>
</kw>
<kw name="Close Browser" library="SeleniumLibrary">
<doc>Closes the current browser.</doc>
<status status="PASS" starttime="20231115 20:18:38.755" endtime="20231115 20:18:41.410"/>
</kw>
<status status="PASS" starttime="20231115 20:18:23.775" endtime="20231115 20:18:41.410"/>
</test>
<status status="PASS" starttime="20231115 20:18:23.587" endtime="20231115 20:18:41.412"/>
</suite>
<statistics>
<total>
<stat pass="1" fail="0" skip="0">All Tests</stat>
</total>
<tag>
</tag>
<suite>
<stat pass="1" fail="0" skip="0" id="s1" name="Cv">Cv</stat>
</suite>
</statistics>
<errors>
</errors>
</robot>
